Build started 7/31/2014 2:31:22 AM.
     1>Project "C:\Users\JR\Documents\GitHub\boatinfo\ParseJosiahData\ParseJosiahData\ParseJosiahData.vcxproj" on node 2 (build target(s)).
     1>InitializeBuildStatus:
         Creating "Debug\ParseJosiahData.unsuccessfulbuild" because "AlwaysCreate" was specified.
       ClCompile:
         C:\Program Files (x86)\Microsoft Visual Studio 10.0\VC\bin\CL.exe /c /ZI /nologo /W3 /WX- /Od /Oy- /D WIN32 /D _DEBUG /D _CONSOLE /D _UNICODE /D UNICODE /Gm /EHsc /RTC1 /MDd /GS /fp:precise /Zc:wchar_t /Zc:forScope /Fo"Debug\\" /Fd"Debug\vc100.pdb" /Gd /TP /analyze- /errorReport:prompt main.cpp
         main.cpp
     1>c:\users\jr\documents\github\boatinfo\parsejosiahdata\parsejosiahdata\main.cpp(39): warning C4018: '<' : signed/unsigned mismatch
     1>c:\users\jr\documents\github\boatinfo\parsejosiahdata\parsejosiahdata\main.cpp(67): warning C4018: '<' : signed/unsigned mismatch
     1>c:\users\jr\documents\github\boatinfo\parsejosiahdata\parsejosiahdata\main.cpp(79): warning C4018: '<' : signed/unsigned mismatch
       ManifestResourceCompile:
         All outputs are up-to-date.
       Link:
         C:\Program Files (x86)\Microsoft Visual Studio 10.0\VC\bin\link.exe /ERRORREPORT:PROMPT /OUT:"C:\Users\JR\Documents\GitHub\boatinfo\ParseJosiahData\Debug\ParseJosiahData.exe" /INCREMENTAL /NOLOGO kernel32.lib user32.lib gdi32.lib winspool.lib comdlg32.lib advapi32.lib shell32.lib ole32.lib oleaut32.lib uuid.lib odbc32.lib odbccp32.lib /MANIFEST /ManifestFile:"Debug\ParseJosiahData.exe.intermediate.manifest" /MANIFESTUAC:"level='asInvoker' uiAccess='false'" /DEBUG /PDB:"C:\Users\JR\Documents\GitHub\boatinfo\ParseJosiahData\Debug\ParseJosiahData.pdb" /SUBSYSTEM:CONSOLE /TLBID:1 /DYNAMICBASE /NXCOMPAT /IMPLIB:"C:\Users\JR\Documents\GitHub\boatinfo\ParseJosiahData\Debug\ParseJosiahData.lib" /MACHINE:X86 Debug\ParseJosiahData.exe.embed.manifest.res
         Debug\main.obj
       Manifest:
         c:\Program Files (x86)\Microsoft SDKs\Windows\v7.0A\bin\mt.exe /nologo /verbose /out:"Debug\ParseJosiahData.exe.embed.manifest" /manifest Debug\ParseJosiahData.exe.intermediate.manifest
         All outputs are up-to-date.
       LinkEmbedManifest:
         All outputs are up-to-date.
         ParseJosiahData.vcxproj -> C:\Users\JR\Documents\GitHub\boatinfo\ParseJosiahData\Debug\ParseJosiahData.exe
       FinalizeBuildStatus:
         Deleting file "Debug\ParseJosiahData.unsuccessfulbuild".
         Touching "Debug\ParseJosiahData.lastbuildstate".
     1>Done Building Project "C:\Users\JR\Documents\GitHub\boatinfo\ParseJosiahData\ParseJosiahData\ParseJosiahData.vcxproj" (build target(s)).

Build succeeded.

Time Elapsed 00:00:01.61
